2025-09-16 09:25:18,859 - INFO - 2025-09-16 09:25:18 ===== Universal Script Start =====
2025-09-16 09:25:18,859 - INFO - 2025-09-16 09:25:18 No .ini or .txt config files found in the current directory. Exiting.
2025-09-16 09:25:59,867 - INFO - 2025-09-16 09:25:59 ===== Universal Script Start =====
2025-09-16 09:25:59,869 - INFO - 2025-09-16 09:25:59 No .ini or .txt config files found in the current directory. Exiting.
2025-09-16 09:26:33,188 - INFO - 2025-09-16 09:26:33 ===== Universal Script Start =====
2025-09-16 09:26:33,190 - INFO - 2025-09-16 09:26:33 No .ini or .txt config files found in the current directory. Exiting.
2025-09-16 09:29:36,201 - INFO - 2025-09-16 09:29:36 ===== Universal Script Start =====
2025-09-16 09:29:36,202 - INFO - 2025-09-16 09:29:36 Found 1 config file(s): PIX.ini
2025-09-16 09:29:36,215 - ERROR - 2025-09-16 09:29:36 FATAL Error with INI PIX.ini: Traceback (most recent call last):
  File "c:\Users\hsi67063\Documents\Kaizen-TDS\026_PIX\PIX_Common.py", line 323, in main
    settings = _extract_settings_from_config(config)
  File "c:\Users\hsi67063\Documents\Kaizen-TDS\026_PIX\PIX_Common.py", line 90, in _extract_settings_from_config
    s.retention_date = config.getint('Basic_info', 'retention_date', fallback=30)
                       ~~~~~~~~~~~~~^^^^^^^^^^^^^^^^^^^^^^^^^^^^^^^^^^^^^^^^^^^^^
  File "c:\Program Files\Python313\Lib\configparser.py", line 847, in getint
    return self._get_conv(section, option, int, raw=raw, vars=vars,
           ~~~~~~~~~~~~~~^^^^^^^^^^^^^^^^^^^^^^^^^^^^^^^^^^^^^^^^^^
                          fallback=fallback, **kwargs)
                          ^^^^^^^^^^^^^^^^^^^^^^^^^^^^
  File "c:\Program Files\Python313\Lib\configparser.py", line 837, in _get_conv
    return self._get(section, conv, option, raw=raw, vars=vars,
           ~~~~~~~~~^^^^^^^^^^^^^^^^^^^^^^^^^^^^^^^^^^^^^^^^^^^
                     **kwargs)
                     ^^^^^^^^^
  File "c:\Program Files\Python313\Lib\configparser.py", line 832, in _get
    return conv(self.get(section, option, **kwargs))
ValueError: invalid literal for int() with base 10: '30 ; \u7a0b\u5f0f\u78bc\u4e2d\u7684\u300c\u4e00\u500b\u6708\u524d\u300d\u901a\u5e38\u8a2d\u5b9a\u70ba30\u5929'

2025-09-16 09:29:36,215 - INFO - 2025-09-16 09:29:36 ===== Universal Script End =====
2025-09-16 09:30:11,409 - INFO - 2025-09-16 09:30:11 ===== Universal Script Start =====
2025-09-16 09:30:11,409 - INFO - 2025-09-16 09:30:11 Found 1 config file(s): PIX.ini
2025-09-16 09:30:11,432 - ERROR - 2025-09-16 09:30:11 FATAL Error with INI PIX.ini: Traceback (most recent call last):
  File "c:\Program Files\Python313\Lib\configparser.py", line 818, in get
    value = d[option]
            ~^^^^^^^^
  File "c:\Program Files\Python313\Lib\collections\__init__.py", line 1019, in __getitem__
    return self.__missing__(key)            # support subclasses that define __missing__
           ~~~~~~~~~~~~~~~~^^^^^
  File "c:\Program Files\Python313\Lib\collections\__init__.py", line 1011, in __missing__
    raise KeyError(key)
KeyError: 'intermediate_data_path'

During handling of the above exception, another exception occurred:

Traceback (most recent call last):
  File "c:\Users\hsi67063\Documents\Kaizen-TDS\026_PIX\PIX_Common.py", line 323, in main
    settings = _extract_settings_from_config(config)
  File "c:\Users\hsi67063\Documents\Kaizen-TDS\026_PIX\PIX_Common.py", line 98, in _extract_settings_from_config
    s.intermediate_data_path = config.get('Paths', 'intermediate_data_path')
                               ~~~~~~~~~~^^^^^^^^^^^^^^^^^^^^^^^^^^^^^^^^^^^
  File "c:\Program Files\Python313\Lib\configparser.py", line 821, in get
    raise NoOptionError(option, section)
configparser.NoOptionError: No option 'intermediate_data_path' in section: 'Paths'

2025-09-16 09:30:11,432 - INFO - 2025-09-16 09:30:11 ===== Universal Script End =====
2025-09-16 09:32:49,424 - INFO - 2025-09-16 09:32:49 ===== Universal Script Start =====
2025-09-16 09:32:49,425 - INFO - 2025-09-16 09:32:49 Found 1 config file(s): PIX.ini
2025-09-16 09:41:10,147 - INFO - 2025-09-16 09:41:10 ===== Universal Script Start =====
2025-09-16 09:41:10,148 - INFO - 2025-09-16 09:41:10 Found 1 config file(s): PIX.ini
2025-09-16 09:42:14,904 - INFO - 2025-09-16 09:42:14 ===== Universal Script Start =====
2025-09-16 09:42:14,904 - INFO - 2025-09-16 09:42:14 Found 1 config file(s): PIX.ini
2025-09-16 09:50:28,783 - INFO - 2025-09-16 09:50:28 ===== Universal Script Start =====
2025-09-16 09:50:28,784 - INFO - 2025-09-16 09:50:28 Found 1 config file(s): PIX.ini
2025-09-16 09:54:46,857 - INFO - 2025-09-16 09:54:46 ===== Universal Script Start =====
2025-09-16 09:54:46,858 - INFO - 2025-09-16 09:54:46 Found 1 config file(s): PIX.ini
2025-09-16 09:56:17,921 - INFO - 2025-09-16 09:56:17 ===== Universal Script Start =====
2025-09-16 09:56:17,922 - INFO - 2025-09-16 09:56:17 Found 1 config file(s): PIX.ini
2025-09-16 10:10:01,620 - INFO - 2025-09-16 10:10:01 ===== Universal Script Start =====
2025-09-16 10:10:01,621 - INFO - 2025-09-16 10:10:01 Found 1 config file(s): PIX.ini
2025-09-16 10:15:55,837 - INFO - 2025-09-16 10:15:55 ===== Universal Script Start =====
2025-09-16 10:15:55,838 - INFO - 2025-09-16 10:15:55 Found 1 config file(s): PIX.ini
2025-09-16 10:16:20,393 - INFO - 2025-09-16 10:16:20 ===== Universal Script Start =====
2025-09-16 10:16:20,395 - INFO - 2025-09-16 10:16:20 Found 1 config file(s): PIX.ini
2025-09-16 10:22:27,693 - INFO - 2025-09-16 10:22:27 ===== Universal Script Start =====
2025-09-16 10:22:27,693 - INFO - 2025-09-16 10:22:27 Found 1 config file(s): PIX.ini
2025-09-16 10:26:49,817 - INFO - 2025-09-16 10:26:49 ===== Universal Script Start =====
2025-09-16 10:26:49,819 - INFO - 2025-09-16 10:26:49 Found 1 config file(s): PIX.ini
2025-09-16 10:27:11,199 - INFO - 2025-09-16 10:27:11 ===== Universal Script Start =====
2025-09-16 10:27:11,200 - INFO - 2025-09-16 10:27:11 Found 1 config file(s): PIX.ini
2025-09-16 10:27:52,215 - INFO - 2025-09-16 10:27:52 ===== Universal Script Start =====
2025-09-16 10:27:52,216 - INFO - 2025-09-16 10:27:52 Found 1 config file(s): PIX.ini
2025-09-16 10:29:58,465 - INFO - 2025-09-16 10:29:58 ===== Universal Script Start =====
2025-09-16 10:29:58,467 - INFO - 2025-09-16 10:29:58 Found 1 config file(s): PIX.ini
2025-09-16 10:30:58,209 - INFO - 2025-09-16 10:30:58 ===== Universal Script Start =====
2025-09-16 10:30:58,210 - INFO - 2025-09-16 10:30:58 Found 1 config file(s): PIX.ini
2025-09-16 10:32:53,198 - INFO - 2025-09-16 10:32:53 ===== Universal Script Start =====
2025-09-16 10:32:53,199 - INFO - 2025-09-16 10:32:53 Found 1 config file(s): PIX.ini
2025-09-16 10:33:09,186 - INFO - 2025-09-16 10:33:09 ===== Universal Script Start =====
2025-09-16 10:33:09,187 - INFO - 2025-09-16 10:33:09 Found 1 config file(s): PIX.ini
2025-09-16 10:33:57,235 - INFO - 2025-09-16 10:33:57 ===== Universal Script Start =====
2025-09-16 10:33:57,236 - INFO - 2025-09-16 10:33:57 Found 1 config file(s): PIX.ini
2025-09-16 10:35:06,401 - INFO - 2025-09-16 10:35:06 ===== Universal Script Start =====
2025-09-16 10:35:06,402 - INFO - 2025-09-16 10:35:06 Found 1 config file(s): PIX.ini
2025-09-16 10:36:54,525 - INFO - 2025-09-16 10:36:54 ===== Universal Script Start =====
2025-09-16 10:36:54,526 - INFO - 2025-09-16 10:36:54 Found 1 config file(s): PIX.ini
2025-09-16 10:38:18,678 - INFO - 2025-09-16 10:38:18 ===== Universal Script Start =====
2025-09-16 10:38:18,678 - INFO - 2025-09-16 10:38:18 Found 1 config file(s): PIX.ini
2025-09-16 10:39:28,279 - INFO - 2025-09-16 10:39:28 ===== Universal Script Start =====
2025-09-16 10:39:28,280 - INFO - 2025-09-16 10:39:28 Found 1 config file(s): PIX.ini
2025-09-16 10:46:38,497 - INFO - 2025-09-16 10:46:38 ===== Universal Script Start =====
2025-09-16 10:46:38,498 - INFO - 2025-09-16 10:46:38 Found 1 config file(s): PIX.ini
2025-09-16 10:46:54,872 - INFO - 2025-09-16 10:46:54 ===== Universal Script Start =====
2025-09-16 10:46:54,872 - INFO - 2025-09-16 10:46:54 Found 1 config file(s): PIX.ini
2025-09-16 10:52:50,802 - INFO - 2025-09-16 10:52:50 ===== Universal Script Start =====
2025-09-16 10:52:50,803 - INFO - 2025-09-16 10:52:50 Found 1 config file(s): PIX.ini
2025-09-16 10:56:38,325 - INFO - 2025-09-16 10:56:38 ===== Universal Script Start =====
2025-09-16 10:56:38,325 - INFO - 2025-09-16 10:56:38 Found 1 config file(s): PIX.ini
